----------------------------------------------------------------
Tue Apr 26 11:03:28 IST 2022:
Booting Derby version The Apache Software Foundation - Apache Derby - 10.14.2.0 - (1828579): instance a816c00e-0180-645c-3ad1-000005825e90 
on database directory memory:C:\Users\003C37744\Documents\workspace-spring-tool-suite-4-4.14.0.RELEASE\CRS-IBM-Admin-Producer-API-Microservices1\6ccece88-189c-4bfa-8bb7-0546790b3ecd with class loader jdk.internal.loader.ClassLoaders$AppClassLoader@2f333739 
Loaded from file:/C:/Users/003C37744/.m2/repository/org/apache/derby/derby/10.14.2.0/derby-10.14.2.0.jar
java.vendor=Eclipse Adoptium
java.runtime.version=17.0.2+8
user.dir=C:\Users\003C37744\Documents\workspace-spring-tool-suite-4-4.14.0.RELEASE\CRS-IBM-Admin-Producer-API-Microservices1
os.name=Windows 10
os.arch=amd64
os.version=10.0
derby.system.home=null
Database Class Loader started - derby.database.classpath=''
----------------------------------------------------------------
Tue Apr 26 11:03:30 IST 2022:
Shutting down instance a816c00e-0180-645c-3ad1-000005825e90 on database directory memory:C:\Users\003C37744\Documents\workspace-spring-tool-suite-4-4.14.0.RELEASE\CRS-IBM-Admin-Producer-API-Microservices1\6ccece88-189c-4bfa-8bb7-0546790b3ecd with class loader jdk.internal.loader.ClassLoaders$AppClassLoader@2f333739 
----------------------------------------------------------------
Tue Apr 26 11:04:04 IST 2022:
Booting Derby version The Apache Software Foundation - Apache Derby - 10.14.2.0 - (1828579): instance 0ddd00a9-0180-645c-3ad1-000005825e90 
on database directory memory:C:\Users\003C37744\Documents\workspace-spring-tool-suite-4-4.14.0.RELEASE\CRS-IBM-Admin-Producer-API-Microservices1\c6fd9437-3775-4a1c-b4ed-0b6ec1692773 with class loader jdk.internal.loader.ClassLoaders$AppClassLoader@2f333739 
Loaded from file:/C:/Users/003C37744/.m2/repository/org/apache/derby/derby/10.14.2.0/derby-10.14.2.0.jar
java.vendor=Eclipse Adoptium
java.runtime.version=17.0.2+8
user.dir=C:\Users\003C37744\Documents\workspace-spring-tool-suite-4-4.14.0.RELEASE\CRS-IBM-Admin-Producer-API-Microservices1
os.name=Windows 10
os.arch=amd64
os.version=10.0
derby.system.home=null
Database Class Loader started - derby.database.classpath=''
----------------------------------------------------------------
Tue Apr 26 11:04:05 IST 2022:
Shutting down instance 0ddd00a9-0180-645c-3ad1-000005825e90 on database directory memory:C:\Users\003C37744\Documents\workspace-spring-tool-suite-4-4.14.0.RELEASE\CRS-IBM-Admin-Producer-API-Microservices1\c6fd9437-3775-4a1c-b4ed-0b6ec1692773 with class loader jdk.internal.loader.ClassLoaders$AppClassLoader@2f333739 
----------------------------------------------------------------
Tue Apr 26 11:05:39 IST 2022:
Booting Derby version The Apache Software Foundation - Apache Derby - 10.14.2.0 - (1828579): instance 0b198144-0180-645c-3ad1-000005825e90 
on database directory memory:C:\Users\003C37744\Documents\workspace-spring-tool-suite-4-4.14.0.RELEASE\CRS-IBM-Admin-Producer-API-Microservices1\47b52ec2-8ebf-41e8-b27d-9bc2f60d618d with class loader jdk.internal.loader.ClassLoaders$AppClassLoader@2f333739 
Loaded from file:/C:/Users/003C37744/.m2/repository/org/apache/derby/derby/10.14.2.0/derby-10.14.2.0.jar
java.vendor=Eclipse Adoptium
java.runtime.version=17.0.2+8
user.dir=C:\Users\003C37744\Documents\workspace-spring-tool-suite-4-4.14.0.RELEASE\CRS-IBM-Admin-Producer-API-Microservices1
os.name=Windows 10
os.arch=amd64
os.version=10.0
derby.system.home=null
Database Class Loader started - derby.database.classpath=''
----------------------------------------------------------------
Tue Apr 26 11:05:40 IST 2022:
Shutting down instance 0b198144-0180-645c-3ad1-000005825e90 on database directory memory:C:\Users\003C37744\Documents\workspace-spring-tool-suite-4-4.14.0.RELEASE\CRS-IBM-Admin-Producer-API-Microservices1\47b52ec2-8ebf-41e8-b27d-9bc2f60d618d with class loader jdk.internal.loader.ClassLoaders$AppClassLoader@2f333739 
----------------------------------------------------------------
Tue Apr 26 11:18:44 IST 2022:
Booting Derby version The Apache Software Foundation - Apache Derby - 10.14.2.0 - (1828579): instance cfcc41df-0180-645c-3ad1-000005825e90 
on database directory memory:C:\Users\003C37744\Documents\workspace-spring-tool-suite-4-4.14.0.RELEASE\CRS-IBM-Admin-Producer-API-Microservices1\2b595709-6c39-4f8b-ba10-f8b29ad52b94 with class loader jdk.internal.loader.ClassLoaders$AppClassLoader@2f333739 
Loaded from file:/C:/Users/003C37744/.m2/repository/org/apache/derby/derby/10.14.2.0/derby-10.14.2.0.jar
java.vendor=Eclipse Adoptium
java.runtime.version=17.0.2+8
user.dir=C:\Users\003C37744\Documents\workspace-spring-tool-suite-4-4.14.0.RELEASE\CRS-IBM-Admin-Producer-API-Microservices1
os.name=Windows 10
os.arch=amd64
os.version=10.0
derby.system.home=null
Database Class Loader started - derby.database.classpath=''
----------------------------------------------------------------
Tue Apr 26 11:18:45 IST 2022:
Shutting down instance cfcc41df-0180-645c-3ad1-000005825e90 on database directory memory:C:\Users\003C37744\Documents\workspace-spring-tool-suite-4-4.14.0.RELEASE\CRS-IBM-Admin-Producer-API-Microservices1\2b595709-6c39-4f8b-ba10-f8b29ad52b94 with class loader jdk.internal.loader.ClassLoaders$AppClassLoader@2f333739 
----------------------------------------------------------------
Tue Apr 26 11:43:26 IST 2022:
Booting Derby version The Apache Software Foundation - Apache Derby - 10.14.2.0 - (1828579): instance 8bf5427a-0180-645c-3ad1-000005825e90 
on database directory memory:C:\Users\003C37744\Documents\workspace-spring-tool-suite-4-4.14.0.RELEASE\CRS-IBM-Admin-Producer-API-Microservices1\2dda7df9-8a54-4745-b3c8-5a1760feb86c with class loader jdk.internal.loader.ClassLoaders$AppClassLoader@2f333739 
Loaded from file:/C:/Users/003C37744/.m2/repository/org/apache/derby/derby/10.14.2.0/derby-10.14.2.0.jar
java.vendor=Eclipse Adoptium
java.runtime.version=17.0.2+8
user.dir=C:\Users\003C37744\Documents\workspace-spring-tool-suite-4-4.14.0.RELEASE\CRS-IBM-Admin-Producer-API-Microservices1
os.name=Windows 10
os.arch=amd64
os.version=10.0
derby.system.home=null
Database Class Loader started - derby.database.classpath=''
----------------------------------------------------------------
Tue Apr 26 11:43:26 IST 2022:
Shutting down instance 8bf5427a-0180-645c-3ad1-000005825e90 on database directory memory:C:\Users\003C37744\Documents\workspace-spring-tool-suite-4-4.14.0.RELEASE\CRS-IBM-Admin-Producer-API-Microservices1\2dda7df9-8a54-4745-b3c8-5a1760feb86c with class loader jdk.internal.loader.ClassLoaders$AppClassLoader@2f333739 
